app/build/outputs/logs/manifest-merger-debug-report.txt
-- Merging decision tree log ---
manifest
ADDED from AndroidManifest.xml:2:1
	package
		ADDED from AndroidManifest.xml:4:28
		INJECTED from AndroidManifest.xml:0:0
		INJECTED from AndroidManifest.xml:0:0
	android:versionName
		ADDED from AndroidManifest.xml:4:2
	android:versionCode
		ADDED from AndroidManifest.xml:3:2
		INJECTED from AndroidManifest.xml:0:0
		INJECTED from AndroidManifest.xml:0:0
	xmlns:android
		ADDED from AndroidManifest.xml:2:11
uses-sdk
ADDED from AndroidManifest.xml:7:2
	android:targetSdkVersion
		ADDED from AndroidManifest.xml:8:10
		INJECTED from AndroidManifest.xml:0:0
		INJECTED from AndroidManifest.xml:0:0
	android:minSdkVersion
		ADDED from AndroidManifest.xml:7:12
		INJECTED from AndroidManifest.xml:0:0
		INJECTED from AndroidManifest.xml:0:0
application
ADDED from AndroidManifest.xml:10:2
	android:label
		ADDED from AndroidManifest.xml:11:3
	android:icon
		ADDED from AndroidManifest.xml:10:15
	android:theme
		ADDED from AndroidManifest.xml:12:6
activity#com.CEInema.CustomListView
ADDED from AndroidManifest.xml:14:9
	android:configChanges
		ADDED from AndroidManifest.xml:15:16
	android:theme
		ADDED from AndroidManifest.xml:14:19
	android:name
		ADDED from AndroidManifest.xml:14:54
activity#com.CEInema.MediaInfoView
ADDED from AndroidManifest.xml:17:9
	android:configChanges
		ADDED from AndroidManifest.xml:18:16
	android:name
		ADDED from AndroidManifest.xml:17:19
activity#com.CEInema.VideoPlayer
ADDED from AndroidManifest.xml:20:9
	android:configChanges
		ADDED from AndroidManifest.xml:21:16
	android:theme
		ADDED from AndroidManifest.xml:20:19
	android:name
		ADDED from AndroidManifest.xml:20:78
activity#com.CEInema.Splash
ADDED from AndroidManifest.xml:23:9
	android:configChanges
		ADDED from AndroidManifest.xml:24:16
	android:theme
		ADDED from AndroidManifest.xml:23:19
	android:name
		ADDED from AndroidManifest.xml:23:62
intent-filter#android.intent.action.MAIN+android.intent.category.LAUNCHER
ADDED from AndroidManifest.xml:25:10
action#android.intent.action.MAIN
ADDED from AndroidManifest.xml:26:14
	android:name
		ADDED from AndroidManifest.xml:26:22
category#android.intent.category.LAUNCHER
ADDED from AndroidManifest.xml:27:14
	android:name
		ADDED from AndroidManifest.xml:27:24
activity#com.CEInema.MyWebView
ADDED from AndroidManifest.xml:31:9
	android:configChanges
		ADDED from AndroidManifest.xml:32:16
	android:theme
		ADDED from AndroidManifest.xml:31:19
	android:name
		ADDED from AndroidManifest.xml:31:61
activity#com.CEInema.Tabs
ADDED from AndroidManifest.xml:34:9
	android:configChanges
		ADDED from AndroidManifest.xml:35:16
	android:name
		ADDED from AndroidManifest.xml:34:19
activity#com.CEInema.FrontPage
ADDED from AndroidManifest.xml:37:9
	android:configChanges
		ADDED from AndroidManifest.xml:38:16
	android:name
		ADDED from AndroidManifest.xml:37:19
uses-permission#android.permission.INTERNET
ADDED from AndroidManifest.xml:43:5
	android:name
		ADDED from AndroidManifest.xml:43:22
uses-permission#android.permission.ACCESS_NETWORK_STATE
ADDED from AndroidManifest.xml:44:5
	android:name
		ADDED from AndroidManifest.xml:44:22